02/11/2019 21:44:11 Guardião Itaú, versão 2.1.0 Descrição do processo de instalação do Guardião. As informações contidas nesse documento poderão ser solicitadas pela central de atendimento caso ocorra um erro no processo de instalação. A exclusão desse documento não acarreta nenhum problema de performance na sua máquina.
02/11/2019 21:44:11 2.1.1.8
02/11/2019 21:44:11 Usuário: LeoPC(Administrador)
02/11/2019 21:44:11 Versão do Sistema Operacional: 6.2.9200
02/11/2019 21:44:11 64 Bits: true
02/11/2019 21:44:11  65.0.0.6963 ( 65.0 )
02/11/2019 21:44:11 UAC: Ativado
02/11/2019 21:44:11 Verificando se Firefox está instalado...
02/11/2019 21:44:11 Firefox instalado, ajustando configurações necessárias...
02/11/2019 21:44:11 [Ativação do TLS no Windows] Verificando...
02/11/2019 21:44:11 [Ativação do TLS no Windows] 
02/11/2019 21:44:11 [Ativação do TLS no Windows] Ok.
02/11/2019 21:44:11 [Configurações gerais] Verificando...
02/11/2019 21:44:11 [Configurações gerais] Ok.
02/11/2019 21:44:11 [Instalação de certificados raiz] Verificando...
02/11/2019 21:44:11 [Instalação de certificados raiz] Efetuando download ...
02/11/2019 21:44:18 [Instalação de certificados raiz] Instalando...
02/11/2019 21:44:18 [Instalação de certificados raiz] Ok.
02/11/2019 21:44:18 [Configurações gerais] Verificando...
02/11/2019 21:44:18 [Configurações gerais] Ok.
02/11/2019 21:44:18 [Configurações gerais] Verificando...
02/11/2019 21:44:18 [Configurações gerais] Limpando...
02/11/2019 21:44:18 [Configurações gerais] Ok.
02/11/2019 21:44:18 [Executando a instalação do Guardião] Verificando...
02/11/2019 21:44:18 [Executando a instalação do Guardião] Efetuando download ...
02/11/2019 21:44:25 [Executando a instalação do Guardião] Instalando...
02/11/2019 21:44:33 [Executando a instalação do Guardião] Ok.
02/11/2019 21:44:33 [Restaurando os registros do Warsaw] Verificando...
02/11/2019 21:44:33 [Restaurando os registros do Warsaw] Ok.
02/11/2019 21:44:33 [Verificando arquivos do Guardião] Verificando...
02/11/2019 21:44:33 [Verificando arquivos do Guardião] Ok.
02/11/2019 21:44:33 [Instalando Cliente do Guardião] Verificando...
02/11/2019 21:44:38 [Instalando Cliente do Guardião] Instalando...
02/11/2019 21:44:44 [Instalando Cliente do Guardião] Ok.
02/11/2019 21:44:44 [Instalando certificado do Guardião] Verificando...
02/11/2019 21:44:44 [Instalando certificado do Guardião] Instalando...
02/11/2019 21:44:45 [Instalando certificado do Guardião] Ok.
02/11/2019 21:44:45 [Ajustando ambiente] Verificando...
02/11/2019 21:44:45 [Ajustando ambiente] Ok.
02/11/2019 21:44:45 [Concluindo execucao] Verificando...
02/11/2019 21:44:45 [Concluindo execucao] CONCLUÍDO.
02/11/2019 21:44:45 CONCLUÍDO.
